<?xml version="1.0" encoding="UTF-8"?>
<!-- Generated by org.testng.reporters.JUnitReportReporter -->
<testsuite hostname="LORF860912" failures="0" tests="4" name="com.apex.liverpool.TC_Scenario001" time="101.813" errors="0" timestamp="2024-09-19T02:20:46 CST" skipped="0">
  <testcase classname="com.apex.liverpool.TC_Scenario001" name="save_cookies" time="45.765"/>
  <system-out/>
  <testcase classname="com.apex.liverpool.TC_Scenario001" name="scenario001" time="18.724"/>
  <system-out/>
  <testcase classname="com.apex.liverpool.TC_Scenario001" name="scenario002" time="22.386"/>
  <system-out/>
  <testcase classname="com.apex.liverpool.TC_Scenario001" name="scenario003" time="14.938"/>
  <system-out/>
</testsuite> <!-- com.apex.liverpool.TC_Scenario001 -->
