<?xml version="1.0" encoding="UTF-8"?>
<!-- Generated by org.testng.reporters.JUnitReportReporter -->
<testsuite hostname="LORF860912" failures="0" tests="1" name="com.apex.liverpool.test.HomeTest" time="0.140" errors="0" timestamp="2024-09-11T02:49:36 CST" skipped="0">
  <testcase classname="com.apex.liverpool.test.HomeTest" name="searchIteam" time="0.140"/>
  <system-out/>
</testsuite> <!-- com.apex.liverpool.test.HomeTest -->
