<?xml version="1.0" encoding="UTF-8"?>
<!-- Generated by org.testng.reporters.JUnitReportReporter -->
<testsuite hostname="LORF860912" failures="0" tests="1" name="com.apex.liverpool.TC_ScenarioTest" time="6.752" errors="0" timestamp="2024-09-19T02:20:46 CST" skipped="0">
  <testcase classname="com.apex.liverpool.TC_ScenarioTest" name="scenario_test" time="6.752"/>
  <system-out/>
</testsuite> <!-- com.apex.liverpool.TC_ScenarioTest -->
